<?xml version="1.0" encoding="UTF-8"?>
<testng-results ignored="0" total="14" passed="14" failed="0" skipped="0">
  <reporter-output>
  </reporter-output>
  <suite started-at="2023-07-12T12:20:12 IST" name="Surefire suite" finished-at="2023-07-12T12:22:27 IST" duration-ms="135167">
    <groups>
      <group name="cucumber">
        <method signature="AbstractTestNGCucumberTests.runScenario(io.cucumber.testng.PickleWrapper,io.cucumber.testng.FeatureWrapper)[pri:0, instance:runner.TestRunner@61001b64]" name="runScenario" class="io.cucumber.testng.AbstractTestNGCucumberTests"/>
      </group> <!-- cucumber -->
    </groups>
    <test started-at="2023-07-12T12:20:12 IST" name="Surefire test" finished-at="2023-07-12T12:22:27 IST" duration-ms="135167">
      <class name="runner.TestRunner">
        <test-method is-config="true" signature="setUpClass(org.testng.ITestContext)[pri:0, instance:runner.TestRunner@61001b64]" started-at="2023-07-12T12:20:12 IST" name="setUpClass" finished-at="2023-07-12T12:20:13 IST" duration-ms="646" status="PASS">
          <params>
            <param index="0">
              <value>
                <![CDATA[org.testng.TestRunner@33430fc]]>
              </value>
            </param>
          </params>
          <reporter-output>
          </reporter-output>
        </test-method> <!-- setUpClass -->
        <test-method signature="runScenario(io.cucumber.testng.PickleWrapper,io.cucumber.testng.FeatureWrapper)[pri:0, instance:runner.TestRunner@61001b64]" started-at="2023-07-12T12:20:13 IST" name="runScenario" description="Runs Cucumber Scenarios" data-provider="scenarios" finished-at="2023-07-12T12:20:24 IST" duration-ms="11278" status="PASS">
          <params>
            <param index="0">
              <value>
                <![CDATA["User should be able to login with valid credentials"]]>
              </value>
            </param>
            <param index="1">
              <value>
                <![CDATA["Login Functionality"]]>
              </value>
            </param>
          </params>
          <reporter-output>
          </reporter-output>
        </test-method> <!-- runScenario -->
        <test-method signature="runScenario(io.cucumber.testng.PickleWrapper,io.cucumber.testng.FeatureWrapper)[pri:0, instance:runner.TestRunner@61001b64]" started-at="2023-07-12T12:20:24 IST" name="runScenario" description="Runs Cucumber Scenarios" data-provider="scenarios" finished-at="2023-07-12T12:20:34 IST" duration-ms="9662" status="PASS">
          <params>
            <param index="0">
              <value>
                <![CDATA["User should be able to login with valid credentials"]]>
              </value>
            </param>
            <param index="1">
              <value>
                <![CDATA["Login Functionality"]]>
              </value>
            </param>
          </params>
          <reporter-output>
          </reporter-output>
        </test-method> <!-- runScenario -->
        <test-method signature="runScenario(io.cucumber.testng.PickleWrapper,io.cucumber.testng.FeatureWrapper)[pri:0, instance:runner.TestRunner@61001b64]" started-at="2023-07-12T12:20:34 IST" name="runScenario" description="Runs Cucumber Scenarios" data-provider="scenarios" finished-at="2023-07-12T12:20:43 IST" duration-ms="9756" status="PASS">
          <params>
            <param index="0">
              <value>
                <![CDATA["User should be able to login with valid credentials"]]>
              </value>
            </param>
            <param index="1">
              <value>
                <![CDATA["Login Functionality"]]>
              </value>
            </param>
          </params>
          <reporter-output>
          </reporter-output>
        </test-method> <!-- runScenario -->
        <test-method signature="runScenario(io.cucumber.testng.PickleWrapper,io.cucumber.testng.FeatureWrapper)[pri:0, instance:runner.TestRunner@61001b64]" started-at="2023-07-12T12:20:43 IST" name="runScenario" description="Runs Cucumber Scenarios" data-provider="scenarios" finished-at="2023-07-12T12:20:53 IST" duration-ms="9507" status="PASS">
          <params>
            <param index="0">
              <value>
                <![CDATA["User should login with invalid credentials"]]>
              </value>
            </param>
            <param index="1">
              <value>
                <![CDATA["Login Functionality"]]>
              </value>
            </param>
          </params>
          <reporter-output>
          </reporter-output>
        </test-method> <!-- runScenario -->
        <test-method signature="runScenario(io.cucumber.testng.PickleWrapper,io.cucumber.testng.FeatureWrapper)[pri:0, instance:runner.TestRunner@61001b64]" started-at="2023-07-12T12:20:53 IST" name="runScenario" description="Runs Cucumber Scenarios" data-provider="scenarios" finished-at="2023-07-12T12:21:03 IST" duration-ms="9715" status="PASS">
          <params>
            <param index="0">
              <value>
                <![CDATA["User should login with valid email and invalid password"]]>
              </value>
            </param>
            <param index="1">
              <value>
                <![CDATA["Login Functionality"]]>
              </value>
            </param>
          </params>
          <reporter-output>
          </reporter-output>
        </test-method> <!-- runScenario -->
        <test-method signature="runScenario(io.cucumber.testng.PickleWrapper,io.cucumber.testng.FeatureWrapper)[pri:0, instance:runner.TestRunner@61001b64]" started-at="2023-07-12T12:21:03 IST" name="runScenario" description="Runs Cucumber Scenarios" data-provider="scenarios" finished-at="2023-07-12T12:21:12 IST" duration-ms="9479" status="PASS">
          <params>
            <param index="0">
              <value>
                <![CDATA["User should login with invalid email and valid password"]]>
              </value>
            </param>
            <param index="1">
              <value>
                <![CDATA["Login Functionality"]]>
              </value>
            </param>
          </params>
          <reporter-output>
          </reporter-output>
        </test-method> <!-- runScenario -->
        <test-method signature="runScenario(io.cucumber.testng.PickleWrapper,io.cucumber.testng.FeatureWrapper)[pri:0, instance:runner.TestRunner@61001b64]" started-at="2023-07-12T12:21:12 IST" name="runScenario" description="Runs Cucumber Scenarios" data-provider="scenarios" finished-at="2023-07-12T12:21:22 IST" duration-ms="9862" status="PASS">
          <params>
            <param index="0">
              <value>
                <![CDATA["User should login without any credentials"]]>
              </value>
            </param>
            <param index="1">
              <value>
                <![CDATA["Login Functionality"]]>
              </value>
            </param>
          </params>
          <reporter-output>
          </reporter-output>
        </test-method> <!-- runScenario -->
        <test-method signature="runScenario(io.cucumber.testng.PickleWrapper,io.cucumber.testng.FeatureWrapper)[pri:0, instance:runner.TestRunner@61001b64]" started-at="2023-07-12T12:21:22 IST" name="runScenario" description="Runs Cucumber Scenarios" data-provider="scenarios" finished-at="2023-07-12T12:21:35 IST" duration-ms="13511" status="PASS">
          <params>
            <param index="0">
              <value>
                <![CDATA["User should be able to register with mandatory fields"]]>
              </value>
            </param>
            <param index="1">
              <value>
                <![CDATA["Register Functionality"]]>
              </value>
            </param>
          </params>
          <reporter-output>
          </reporter-output>
        </test-method> <!-- runScenario -->
        <test-method signature="runScenario(io.cucumber.testng.PickleWrapper,io.cucumber.testng.FeatureWrapper)[pri:0, instance:runner.TestRunner@61001b64]" started-at="2023-07-12T12:21:35 IST" name="runScenario" description="Runs Cucumber Scenarios" data-provider="scenarios" finished-at="2023-07-12T12:21:49 IST" duration-ms="13107" status="PASS">
          <params>
            <param index="0">
              <value>
                <![CDATA["User should register with all fields"]]>
              </value>
            </param>
            <param index="1">
              <value>
                <![CDATA["Register Functionality"]]>
              </value>
            </param>
          </params>
          <reporter-output>
          </reporter-output>
        </test-method> <!-- runScenario -->
        <test-method signature="runScenario(io.cucumber.testng.PickleWrapper,io.cucumber.testng.FeatureWrapper)[pri:0, instance:runner.TestRunner@61001b64]" started-at="2023-07-12T12:21:49 IST" name="runScenario" description="Runs Cucumber Scenarios" data-provider="scenarios" finished-at="2023-07-12T12:22:00 IST" duration-ms="11000" status="PASS">
          <params>
            <param index="0">
              <value>
                <![CDATA["User should regsiter without providing mandatory fields"]]>
              </value>
            </param>
            <param index="1">
              <value>
                <![CDATA["Register Functionality"]]>
              </value>
            </param>
          </params>
          <reporter-output>
          </reporter-output>
        </test-method> <!-- runScenario -->
        <test-method signature="runScenario(io.cucumber.testng.PickleWrapper,io.cucumber.testng.FeatureWrapper)[pri:0, instance:runner.TestRunner@61001b64]" started-at="2023-07-12T12:22:00 IST" name="runScenario" description="Runs Cucumber Scenarios" data-provider="scenarios" finished-at="2023-07-12T12:22:14 IST" duration-ms="14501" status="PASS">
          <params>
            <param index="0">
              <value>
                <![CDATA["User should register with existing email address"]]>
              </value>
            </param>
            <param index="1">
              <value>
                <![CDATA["Register Functionality"]]>
              </value>
            </param>
          </params>
          <reporter-output>
          </reporter-output>
        </test-method> <!-- runScenario -->
        <test-method signature="runScenario(io.cucumber.testng.PickleWrapper,io.cucumber.testng.FeatureWrapper)[pri:0, instance:runner.TestRunner@61001b64]" started-at="2023-07-12T12:22:14 IST" name="runScenario" description="Runs Cucumber Scenarios" data-provider="scenarios" finished-at="2023-07-12T12:22:18 IST" duration-ms="3933" status="PASS">
          <params>
            <param index="0">
              <value>
                <![CDATA["User should be able to search for products in search text field"]]>
              </value>
            </param>
            <param index="1">
              <value>
                <![CDATA["Search Functionality"]]>
              </value>
            </param>
          </params>
          <reporter-output>
          </reporter-output>
        </test-method> <!-- runScenario -->
        <test-method signature="runScenario(io.cucumber.testng.PickleWrapper,io.cucumber.testng.FeatureWrapper)[pri:0, instance:runner.TestRunner@61001b64]" started-at="2023-07-12T12:22:18 IST" name="runScenario" description="Runs Cucumber Scenarios" data-provider="scenarios" finished-at="2023-07-12T12:22:22 IST" duration-ms="4021" status="PASS">
          <params>
            <param index="0">
              <value>
                <![CDATA["User should searches for an invalid products in search text field"]]>
              </value>
            </param>
            <param index="1">
              <value>
                <![CDATA["Search Functionality"]]>
              </value>
            </param>
          </params>
          <reporter-output>
          </reporter-output>
        </test-method> <!-- runScenario -->
        <test-method signature="runScenario(io.cucumber.testng.PickleWrapper,io.cucumber.testng.FeatureWrapper)[pri:0, instance:runner.TestRunner@61001b64]" started-at="2023-07-12T12:22:22 IST" name="runScenario" description="Runs Cucumber Scenarios" data-provider="scenarios" finished-at="2023-07-12T12:22:27 IST" duration-ms="5033" status="PASS">
          <params>
            <param index="0">
              <value>
                <![CDATA["User should search for product without entering any products in search text filed"]]>
              </value>
            </param>
            <param index="1">
              <value>
                <![CDATA["Search Functionality"]]>
              </value>
            </param>
          </params>
          <reporter-output>
          </reporter-output>
        </test-method> <!-- runScenario -->
        <test-method is-config="true" signature="tearDownClass()[pri:0, instance:runner.TestRunner@61001b64]" started-at="2023-07-12T12:22:27 IST" name="tearDownClass" finished-at="2023-07-12T12:22:27 IST" duration-ms="76" status="PASS">
          <reporter-output>
          </reporter-output>
        </test-method> <!-- tearDownClass -->
      </class> <!-- runner.TestRunner -->
    </test> <!-- Surefire test -->
  </suite> <!-- Surefire suite -->
</testng-results>
