<?xml version="1.0" encoding="UTF-8"?>
<testsuite xmlns:xsi="http://www.w3.org/2001/XMLSchema-instance" xsi:noNamespaceSchemaLocation="https://maven.apache.org/surefire/maven-surefire-plugin/xsd/surefire-test-report-3.0.xsd" version="3.0" name="runner.TestRunner" time="135.95" tests="14" errors="0" skipped="0" failures="0">
  <properties>
[...]
</properties>
  <testcase name="runScenario[&quot;User should be able to login with valid credentials&quot;, &quot;Login Functionality&quot;](1)" classname="runner.TestRunner" time="11.281">
    <system-out><![CDATA[
Scenario Outline: User should be able to login with valid credentials &amp#27;[90m# src/test/resources/features/LoginFeature.feature:13&amp#27;[0m
  &amp#27;[32mGiven &amp#27;[0m&amp#27;[32mUser is navigated to the login page&amp#27;[0m                           &amp#27;[90m# stepdefinitions.Login.user_is_navigated_to_the_login_page()&amp#27;[0m
  &amp#27;[32mWhen &amp#27;[0m&amp#27;[32mUser enters valid email address &amp#27;[0m&amp#27;[32m&amp#27;[1mamotooricap1@gmail.com&amp#27;[0m         &amp#27;[90m# stepdefinitions.Login.user_enters_valid_email_address(java.lang.String)&amp#27;[0m
  &amp#27;[32mAnd &amp#27;[0m&amp#27;[32mUser enters valid password &amp#27;[0m&amp#27;[32m&amp#27;[1m12345&amp#27;[0m                                &amp#27;[90m# stepdefinitions.Login.user_enters_valid_password(java.lang.String)&amp#27;[0m
  &amp#27;[32mAnd &amp#27;[0m&amp#27;[32mUser clicks on login button&amp#27;[0m                                     &amp#27;[90m# stepdefinitions.Login.user_clicks_on_login_button()&amp#27;[0m
  &amp#27;[32mThen &amp#27;[0m&amp#27;[32mUser should be successfully logged in&amp#27;[0m                          &amp#27;[90m# stepdefinitions.Login.user_should_be_successfully_logged_in()&amp#27;[0m
]]></system-out>
    <system-err><![CDATA[SLF4J: No SLF4J providers were found.
SLF4J: Defaulting to no-operation (NOP) logger implementation
SLF4J: See https://www.slf4j.org/codes.html#noProviders for further details.
Jul 12, 2023 12:20:13 PM org.openqa.selenium.manager.SeleniumManager getDriverPath
INFO: Applicable driver not found; attempting to install with Selenium Manager (Beta)
Starting ChromeDriver 114.0.5735.90 (386bc09e8f4f2e025eddae123f36f6263096ae49-refs/branch-heads/5735@{#1052}) on port 22651
Only local connections are allowed.
Please see https://chromedriver.chromium.org/security-considerations for suggestions on keeping ChromeDriver safe.
ChromeDriver was started successfully.
Jul 12, 2023 12:20:15 PM org.openqa.selenium.devtools.CdpVersionFinder findNearestMatch
WARNING: Unable to find an exact match for CDP version 114, so returning the closest version found: 113
]]></system-err>
  </testcase>
  <testcase name="runScenario[&quot;User should be able to login with valid credentials&quot;, &quot;Login Functionality&quot;](2)" classname="runner.TestRunner" time="9.659">
    <system-out><![CDATA[
Scenario Outline: User should be able to login with valid credentials &amp#27;[90m# src/test/resources/features/LoginFeature.feature:14&amp#27;[0m
  &amp#27;[32mGiven &amp#27;[0m&amp#27;[32mUser is navigated to the login page&amp#27;[0m                           &amp#27;[90m# stepdefinitions.Login.user_is_navigated_to_the_login_page()&amp#27;[0m
  &amp#27;[32mWhen &amp#27;[0m&amp#27;[32mUser enters valid email address &amp#27;[0m&amp#27;[32m&amp#27;[1mamotooricap2@gmail.com&amp#27;[0m         &amp#27;[90m# stepdefinitions.Login.user_enters_valid_email_address(java.lang.String)&amp#27;[0m
  &amp#27;[32mAnd &amp#27;[0m&amp#27;[32mUser enters valid password &amp#27;[0m&amp#27;[32m&amp#27;[1m12345&amp#27;[0m                                &amp#27;[90m# stepdefinitions.Login.user_enters_valid_password(java.lang.String)&amp#27;[0m
  &amp#27;[32mAnd &amp#27;[0m&amp#27;[32mUser clicks on login button&amp#27;[0m                                     &amp#27;[90m# stepdefinitions.Login.user_clicks_on_login_button()&amp#27;[0m
  &amp#27;[32mThen &amp#27;[0m&amp#27;[32mUser should be successfully logged in&amp#27;[0m                          &amp#27;[90m# stepdefinitions.Login.user_should_be_successfully_logged_in()&amp#27;[0m
]]></system-out>
    <system-err><![CDATA[Jul 12, 2023 12:20:24 PM org.openqa.selenium.manager.SeleniumManager getDriverPath
INFO: Applicable driver not found; attempting to install with Selenium Manager (Beta)
Starting ChromeDriver 114.0.5735.90 (386bc09e8f4f2e025eddae123f36f6263096ae49-refs/branch-heads/5735@{#1052}) on port 14261
Only local connections are allowed.
Please see https://chromedriver.chromium.org/security-considerations for suggestions on keeping ChromeDriver safe.
ChromeDriver was started successfully.
Jul 12, 2023 12:20:25 PM org.openqa.selenium.devtools.CdpVersionFinder findNearestMatch
WARNING: Unable to find an exact match for CDP version 114, so returning the closest version found: 113
]]></system-err>
  </testcase>
  <testcase name="runScenario[&quot;User should be able to login with valid credentials&quot;, &quot;Login Functionality&quot;](3)" classname="runner.TestRunner" time="9.757">
    <system-out><![CDATA[
Scenario Outline: User should be able to login with valid credentials &amp#27;[90m# src/test/resources/features/LoginFeature.feature:15&amp#27;[0m
  &amp#27;[32mGiven &amp#27;[0m&amp#27;[32mUser is navigated to the login page&amp#27;[0m                           &amp#27;[90m# stepdefinitions.Login.user_is_navigated_to_the_login_page()&amp#27;[0m
  &amp#27;[32mWhen &amp#27;[0m&amp#27;[32mUser enters valid email address &amp#27;[0m&amp#27;[32m&amp#27;[1mamotooricap3@gmail.com&amp#27;[0m         &amp#27;[90m# stepdefinitions.Login.user_enters_valid_email_address(java.lang.String)&amp#27;[0m
  &amp#27;[32mAnd &amp#27;[0m&amp#27;[32mUser enters valid password &amp#27;[0m&amp#27;[32m&amp#27;[1m12345&amp#27;[0m                                &amp#27;[90m# stepdefinitions.Login.user_enters_valid_password(java.lang.String)&amp#27;[0m
  &amp#27;[32mAnd &amp#27;[0m&amp#27;[32mUser clicks on login button&amp#27;[0m                                     &amp#27;[90m# stepdefinitions.Login.user_clicks_on_login_button()&amp#27;[0m
  &amp#27;[32mThen &amp#27;[0m&amp#27;[32mUser should be successfully logged in&amp#27;[0m                          &amp#27;[90m# stepdefinitions.Login.user_should_be_successfully_logged_in()&amp#27;[0m
]]></system-out>
    <system-err><![CDATA[Jul 12, 2023 12:20:34 PM org.openqa.selenium.manager.SeleniumManager getDriverPath
INFO: Applicable driver not found; attempting to install with Selenium Manager (Beta)
Starting ChromeDriver 114.0.5735.90 (386bc09e8f4f2e025eddae123f36f6263096ae49-refs/branch-heads/5735@{#1052}) on port 16575
Only local connections are allowed.
Please see https://chromedriver.chromium.org/security-considerations for suggestions on keeping ChromeDriver safe.
ChromeDriver was started successfully.
Jul 12, 2023 12:20:35 PM org.openqa.selenium.devtools.CdpVersionFinder findNearestMatch
WARNING: Unable to find an exact match for CDP version 114, so returning the closest version found: 113
]]></system-err>
  </testcase>
  <testcase name="runScenario[&quot;User should login with invalid credentials&quot;, &quot;Login Functionality&quot;](4)" classname="runner.TestRunner" time="9.509">
    <system-out><![CDATA[
Scenario: User should login with invalid credentials &amp#27;[90m# src/test/resources/features/LoginFeature.feature:17&amp#27;[0m
  &amp#27;[32mGiven &amp#27;[0m&amp#27;[32mUser is navigated to the login page&amp#27;[0m          &amp#27;[90m# stepdefinitions.Login.user_is_navigated_to_the_login_page()&amp#27;[0m
  &amp#27;[32mWhen &amp#27;[0m&amp#27;[32mUser enters invalid email address&amp#27;[0m             &amp#27;[90m# stepdefinitions.Login.user_enters_invalid_email_address()&amp#27;[0m
  &amp#27;[32mAnd &amp#27;[0m&amp#27;[32mUser enters invalid password &amp#27;[0m&amp#27;[32m&amp#27;[1m"6543121"&amp#27;[0m         &amp#27;[90m# stepdefinitions.Login.user_enters_invalid_password(java.lang.String)&amp#27;[0m
  &amp#27;[32mAnd &amp#27;[0m&amp#27;[32mUser clicks on login button&amp#27;[0m                    &amp#27;[90m# stepdefinitions.Login.user_clicks_on_login_button()&amp#27;[0m
  &amp#27;[32mThen &amp#27;[0m&amp#27;[32mUser should not be able to log in&amp#27;[0m             &amp#27;[90m# stepdefinitions.Login.user_should_not_be_able_to_log_in()&amp#27;[0m
  &amp#27;[32mAnd &amp#27;[0m&amp#27;[32mUser should receive warning message&amp#27;[0m            &amp#27;[90m# stepdefinitions.Login.user_should_receive_warning_message()&amp#27;[0m
]]></system-out>
    <system-err><![CDATA[Jul 12, 2023 12:20:43 PM org.openqa.selenium.manager.SeleniumManager getDriverPath
INFO: Applicable driver not found; attempting to install with Selenium Manager (Beta)
Starting ChromeDriver 114.0.5735.90 (386bc09e8f4f2e025eddae123f36f6263096ae49-refs/branch-heads/5735@{#1052}) on port 39692
Only local connections are allowed.
Please see https://chromedriver.chromium.org/security-considerations for suggestions on keeping ChromeDriver safe.
ChromeDriver was started successfully.
Jul 12, 2023 12:20:44 PM org.openqa.selenium.devtools.CdpVersionFinder findNearestMatch
WARNING: Unable to find an exact match for CDP version 114, so returning the closest version found: 113
]]></system-err>
  </testcase>
  <testcase name="runScenario[&quot;User should login with valid email and invalid password&quot;, &quot;Login Functionality&quot;](5)" classname="runner.TestRunner" time="9.731">
    <system-out><![CDATA[
Scenario: User should login with valid email and invalid password &amp#27;[90m# src/test/resources/features/LoginFeature.feature:26&amp#27;[0m
  &amp#27;[32mGiven &amp#27;[0m&amp#27;[32mUser is navigated to the login page&amp#27;[0m                       &amp#27;[90m# stepdefinitions.Login.user_is_navigated_to_the_login_page()&amp#27;[0m
  &amp#27;[32mWhen &amp#27;[0m&amp#27;[32mUser enters valid email address &amp#27;[0m&amp#27;[32m&amp#27;[1m"admin@123.gmail.com"&amp#27;[0m      &amp#27;[90m# stepdefinitions.Login.user_enters_valid_email_address(java.lang.String)&amp#27;[0m
  &amp#27;[32mAnd &amp#27;[0m&amp#27;[32mUser enters invalid password &amp#27;[0m&amp#27;[32m&amp#27;[1m"6543121"&amp#27;[0m                      &amp#27;[90m# stepdefinitions.Login.user_enters_invalid_password(java.lang.String)&amp#27;[0m
  &amp#27;[32mAnd &amp#27;[0m&amp#27;[32mUser clicks on login button&amp#27;[0m                                 &amp#27;[90m# stepdefinitions.Login.user_clicks_on_login_button()&amp#27;[0m
  &amp#27;[32mThen &amp#27;[0m&amp#27;[32mUser should not be able to log in&amp#27;[0m                          &amp#27;[90m# stepdefinitions.Login.user_should_not_be_able_to_log_in()&amp#27;[0m
  &amp#27;[32mAnd &amp#27;[0m&amp#27;[32mUser should receive warning message&amp#27;[0m                         &amp#27;[90m# stepdefinitions.Login.user_should_receive_warning_message()&amp#27;[0m
]]></system-out>
    <system-err><![CDATA[Jul 12, 2023 12:20:53 PM org.openqa.selenium.manager.SeleniumManager getDriverPath
INFO: Applicable driver not found; attempting to install with Selenium Manager (Beta)
Starting ChromeDriver 114.0.5735.90 (386bc09e8f4f2e025eddae123f36f6263096ae49-refs/branch-heads/5735@{#1052}) on port 24597
Only local connections are allowed.
Please see https://chromedriver.chromium.org/security-considerations for suggestions on keeping ChromeDriver safe.
ChromeDriver was started successfully.
Jul 12, 2023 12:20:54 PM org.openqa.selenium.devtools.CdpVersionFinder findNearestMatch
WARNING: Unable to find an exact match for CDP version 114, so returning the closest version found: 113
]]></system-err>
  </testcase>
  <testcase name="runScenario[&quot;User should login with invalid email and valid password&quot;, &quot;Login Functionality&quot;](6)" classname="runner.TestRunner" time="9.465">
    <system-out><![CDATA[
Scenario: User should login with invalid email and valid password &amp#27;[90m# src/test/resources/features/LoginFeature.feature:35&amp#27;[0m
  &amp#27;[32mGiven &amp#27;[0m&amp#27;[32mUser is navigated to the login page&amp#27;[0m                       &amp#27;[90m# stepdefinitions.Login.user_is_navigated_to_the_login_page()&amp#27;[0m
  &amp#27;[32mWhen &amp#27;[0m&amp#27;[32mUser enters invalid email address&amp#27;[0m                          &amp#27;[90m# stepdefinitions.Login.user_enters_invalid_email_address()&amp#27;[0m
  &amp#27;[32mAnd &amp#27;[0m&amp#27;[32mUser enters invalid password &amp#27;[0m&amp#27;[32m&amp#27;[1m"12345"&amp#27;[0m                        &amp#27;[90m# stepdefinitions.Login.user_enters_invalid_password(java.lang.String)&amp#27;[0m
  &amp#27;[32mAnd &amp#27;[0m&amp#27;[32mUser clicks on login button&amp#27;[0m                                 &amp#27;[90m# stepdefinitions.Login.user_clicks_on_login_button()&amp#27;[0m
  &amp#27;[32mThen &amp#27;[0m&amp#27;[32mUser should not be able to log in&amp#27;[0m                          &amp#27;[90m# stepdefinitions.Login.user_should_not_be_able_to_log_in()&amp#27;[0m
  &amp#27;[32mAnd &amp#27;[0m&amp#27;[32mUser should receive warning message&amp#27;[0m                         &amp#27;[90m# stepdefinitions.Login.user_should_receive_warning_message()&amp#27;[0m
]]></system-out>
    <system-err><![CDATA[Jul 12, 2023 12:21:03 PM org.openqa.selenium.manager.SeleniumManager getDriverPath
INFO: Applicable driver not found; attempting to install with Selenium Manager (Beta)
Starting ChromeDriver 114.0.5735.90 (386bc09e8f4f2e025eddae123f36f6263096ae49-refs/branch-heads/5735@{#1052}) on port 31854
Only local connections are allowed.
Please see https://chromedriver.chromium.org/security-considerations for suggestions on keeping ChromeDriver safe.
ChromeDriver was started successfully.
Jul 12, 2023 12:21:04 PM org.openqa.selenium.devtools.CdpVersionFinder findNearestMatch
WARNING: Unable to find an exact match for CDP version 114, so returning the closest version found: 113
]]></system-err>
  </testcase>
  <testcase name="runScenario[&quot;User should login without any credentials&quot;, &quot;Login Functionality&quot;](7)" classname="runner.TestRunner" time="9.862">
    <system-out><![CDATA[
Scenario: User should login without any credentials &amp#27;[90m# src/test/resources/features/LoginFeature.feature:44&amp#27;[0m
  &amp#27;[32mGiven &amp#27;[0m&amp#27;[32mUser is navigated to the login page&amp#27;[0m         &amp#27;[90m# stepdefinitions.Login.user_is_navigated_to_the_login_page()&amp#27;[0m
  &amp#27;[32mWhen &amp#27;[0m&amp#27;[32mUser do not enter any credentials&amp#27;[0m            &amp#27;[90m# stepdefinitions.Login.user_do_not_enter_any_credentials()&amp#27;[0m
  &amp#27;[32mAnd &amp#27;[0m&amp#27;[32mUser clicks on login button&amp#27;[0m                   &amp#27;[90m# stepdefinitions.Login.user_clicks_on_login_button()&amp#27;[0m
  &amp#27;[32mThen &amp#27;[0m&amp#27;[32mUser should not be able to log in&amp#27;[0m            &amp#27;[90m# stepdefinitions.Login.user_should_not_be_able_to_log_in()&amp#27;[0m
  &amp#27;[32mAnd &amp#27;[0m&amp#27;[32mUser should receive warning message&amp#27;[0m           &amp#27;[90m# stepdefinitions.Login.user_should_receive_warning_message()&amp#27;[0m
]]></system-out>
    <system-err><![CDATA[Jul 12, 2023 12:21:12 PM org.openqa.selenium.manager.SeleniumManager getDriverPath
INFO: Applicable driver not found; attempting to install with Selenium Manager (Beta)
Starting ChromeDriver 114.0.5735.90 (386bc09e8f4f2e025eddae123f36f6263096ae49-refs/branch-heads/5735@{#1052}) on port 9140
Only local connections are allowed.
Please see https://chromedriver.chromium.org/security-considerations for suggestions on keeping ChromeDriver safe.
ChromeDriver was started successfully.
Jul 12, 2023 12:21:13 PM org.openqa.selenium.devtools.CdpVersionFinder findNearestMatch
WARNING: Unable to find an exact match for CDP version 114, so returning the closest version found: 113
]]></system-err>
  </testcase>
  <testcase name="runScenario[&quot;User should be able to register with mandatory fields&quot;, &quot;Register Functionality&quot;](8)" classname="runner.TestRunner" time="13.51">
    <system-out><![CDATA[
Scenario: User should be able to register with mandatory fields  &amp#27;[90m# src/test/resources/features/Register.feature:4&amp#27;[0m
  &amp#27;[32mGiven &amp#27;[0m&amp#27;[32mUser is navigated to the Regsitration page&amp#27;[0m               &amp#27;[90m# stepdefinitions.Register.user_is_navigated_to_the_regsitration_page()&amp#27;[0m
  &amp#27;[32mWhen &amp#27;[0m&amp#27;[32mUser enters the details below in the filed&amp#27;[0m                &amp#27;[90m# stepdefinitions.Register.user_enters_the_details_below_in_the_filed(io.cucumber.datatable.DataTable)&amp#27;[0m
    | firstname | Admin      |
    | lastname  | Manager    |
    | phone     | 1234567890 |
    | password  | 123456     |
  &amp#27;[32mAnd &amp#27;[0m&amp#27;[32mUser should click on Terms and Conditions check-box option&amp#27;[0m &amp#27;[90m# stepdefinitions.Register.user_should_click_on_terms_and_conditions_check_box_option()&amp#27;[0m
  &amp#27;[32mAnd &amp#27;[0m&amp#27;[32mUser should click on Continue button&amp#27;[0m                       &amp#27;[90m# stepdefinitions.Register.user_should_click_on_continue_button()&amp#27;[0m
  &amp#27;[32mThen &amp#27;[0m&amp#27;[32mUser should be successfully registered in the account&amp#27;[0m     &amp#27;[90m# stepdefinitions.Register.user_should_be_successfully_registered_in_the_account()&amp#27;[0m
]]></system-out>
    <system-err><![CDATA[Jul 12, 2023 12:21:22 PM org.openqa.selenium.manager.SeleniumManager getDriverPath
INFO: Applicable driver not found; attempting to install with Selenium Manager (Beta)
Starting ChromeDriver 114.0.5735.90 (386bc09e8f4f2e025eddae123f36f6263096ae49-refs/branch-heads/5735@{#1052}) on port 33768
Only local connections are allowed.
Please see https://chromedriver.chromium.org/security-considerations for suggestions on keeping ChromeDriver safe.
ChromeDriver was started successfully.
Jul 12, 2023 12:21:23 PM org.openqa.selenium.devtools.CdpVersionFinder findNearestMatch
WARNING: Unable to find an exact match for CDP version 114, so returning the closest version found: 113
]]></system-err>
  </testcase>
  <testcase name="runScenario[&quot;User should register with all fields&quot;, &quot;Register Functionality&quot;](9)" classname="runner.TestRunner" time="13.108">
    <system-out><![CDATA[
Scenario: User should register with all fields                   &amp#27;[90m# src/test/resources/features/Register.feature:17&amp#27;[0m
  &amp#27;[32mGiven &amp#27;[0m&amp#27;[32mUser is navigated to the Regsitration page&amp#27;[0m               &amp#27;[90m# stepdefinitions.Register.user_is_navigated_to_the_regsitration_page()&amp#27;[0m
  &amp#27;[32mWhen &amp#27;[0m&amp#27;[32mUser enters the details below in the filed&amp#27;[0m                &amp#27;[90m# stepdefinitions.Register.user_enters_the_details_below_in_the_filed(io.cucumber.datatable.DataTable)&amp#27;[0m
    | firstname | Admin      |
    | lastname  | ManagerA   |
    | phone     | 1234567890 |
    | password  | 54321      |
  &amp#27;[32mAnd &amp#27;[0m&amp#27;[32mUser should select Yes for Newsletter subscription&amp#27;[0m         &amp#27;[90m# stepdefinitions.Register.user_should_select_yes_for_newsletter_subscription()&amp#27;[0m
  &amp#27;[32mAnd &amp#27;[0m&amp#27;[32mUser should click on Terms and Conditions check-box option&amp#27;[0m &amp#27;[90m# stepdefinitions.Register.user_should_click_on_terms_and_conditions_check_box_option()&amp#27;[0m
  &amp#27;[32mAnd &amp#27;[0m&amp#27;[32mUser should click on Continue button&amp#27;[0m                       &amp#27;[90m# stepdefinitions.Register.user_should_click_on_continue_button()&amp#27;[0m
  &amp#27;[32mThen &amp#27;[0m&amp#27;[32mUser should be successfully registered in the account&amp#27;[0m     &amp#27;[90m# stepdefinitions.Register.user_should_be_successfully_registered_in_the_account()&amp#27;[0m
]]></system-out>
    <system-err><![CDATA[Jul 12, 2023 12:21:35 PM org.openqa.selenium.manager.SeleniumManager getDriverPath
INFO: Applicable driver not found; attempting to install with Selenium Manager (Beta)
Starting ChromeDriver 114.0.5735.90 (386bc09e8f4f2e025eddae123f36f6263096ae49-refs/branch-heads/5735@{#1052}) on port 8860
Only local connections are allowed.
Please see https://chromedriver.chromium.org/security-considerations for suggestions on keeping ChromeDriver safe.
ChromeDriver was started successfully.
Jul 12, 2023 12:21:36 PM org.openqa.selenium.devtools.CdpVersionFinder findNearestMatch
WARNING: Unable to find an exact match for CDP version 114, so returning the closest version found: 113
]]></system-err>
  </testcase>
  <testcase name="runScenario[&quot;User should regsiter without providing mandatory fields&quot;, &quot;Register Functionality&quot;](10)" classname="runner.TestRunner" time="11">
    <system-out><![CDATA[
Scenario: User should regsiter without providing mandatory fields &amp#27;[90m# src/test/resources/features/Register.feature:31&amp#27;[0m
  &amp#27;[32mGiven &amp#27;[0m&amp#27;[32mUser is navigated to the Regsitration page&amp#27;[0m                &amp#27;[90m# stepdefinitions.Register.user_is_navigated_to_the_regsitration_page()&amp#27;[0m
  &amp#27;[32mWhen &amp#27;[0m&amp#27;[32mUser do not enters any details&amp#27;[0m                             &amp#27;[90m# stepdefinitions.Register.user_do_not_enters_any_details()&amp#27;[0m
  &amp#27;[32mAnd &amp#27;[0m&amp#27;[32mUser should click on Continue button&amp#27;[0m                        &amp#27;[90m# stepdefinitions.Register.user_should_click_on_continue_button()&amp#27;[0m
  &amp#27;[32mThen &amp#27;[0m&amp#27;[32mUser should be displayed with Warning messages&amp#27;[0m             &amp#27;[90m# stepdefinitions.Register.user_should_be_displayed_with_warning_messages()&amp#27;[0m
]]></system-out>
    <system-err><![CDATA[Jul 12, 2023 12:21:49 PM org.openqa.selenium.manager.SeleniumManager getDriverPath
INFO: Applicable driver not found; attempting to install with Selenium Manager (Beta)
Starting ChromeDriver 114.0.5735.90 (386bc09e8f4f2e025eddae123f36f6263096ae49-refs/branch-heads/5735@{#1052}) on port 45813
Only local connections are allowed.
Please see https://chromedriver.chromium.org/security-considerations for suggestions on keeping ChromeDriver safe.
ChromeDriver was started successfully.
Jul 12, 2023 12:21:50 PM org.openqa.selenium.devtools.CdpVersionFinder findNearestMatch
WARNING: Unable to find an exact match for CDP version 114, so returning the closest version found: 113
]]></system-err>
  </testcase>
  <testcase name="runScenario[&quot;User should register with existing email address&quot;, &quot;Register Functionality&quot;](11)" classname="runner.TestRunner" time="14.499">
    <system-out><![CDATA[
Scenario: User should register with existing email address                              &amp#27;[90m# src/test/resources/features/Register.feature:39&amp#27;[0m
  &amp#27;[32mGiven &amp#27;[0m&amp#27;[32mUser is navigated to the Regsitration page&amp#27;[0m                                      &amp#27;[90m# stepdefinitions.Register.user_is_navigated_to_the_regsitration_page()&amp#27;[0m
  &amp#27;[32mWhen &amp#27;[0m&amp#27;[32mUser enters the details below in the filed with duplicate email&amp#27;[0m                  &amp#27;[90m# stepdefinitions.Register.user_enters_the_details_below_in_the_filed_with_duplicate_email(io.cucumber.datatable.DataTable)&amp#27;[0m
    | firstname | Admin               |
    | lastname  | Manager21           |
    | email     | admin@123.gmail.com |
    | phone     | 123456              |
    | password  | 12345               |
  &amp#27;[32mAnd &amp#27;[0m&amp#27;[32mUser should select Yes for Newsletter subscription&amp#27;[0m                                &amp#27;[90m# stepdefinitions.Register.user_should_select_yes_for_newsletter_subscription()&amp#27;[0m
  &amp#27;[32mAnd &amp#27;[0m&amp#27;[32mUser should click on Terms and Conditions check-box option&amp#27;[0m                        &amp#27;[90m# stepdefinitions.Register.user_should_click_on_terms_and_conditions_check_box_option()&amp#27;[0m
  &amp#27;[32mAnd &amp#27;[0m&amp#27;[32mUser should click on Continue button&amp#27;[0m                                              &amp#27;[90m# stepdefinitions.Register.user_should_click_on_continue_button()&amp#27;[0m
  &amp#27;[32mThen &amp#27;[0m&amp#27;[32mUser should be displayed with warning message saying email is already registered&amp#27;[0m &amp#27;[90m# stepdefinitions.Register.user_should_be_displayed_with_warning_message_saying_email_is_already_registered()&amp#27;[0m
]]></system-out>
    <system-err><![CDATA[Jul 12, 2023 12:22:00 PM org.openqa.selenium.manager.SeleniumManager getDriverPath
INFO: Applicable driver not found; attempting to install with Selenium Manager (Beta)
Starting ChromeDriver 114.0.5735.90 (386bc09e8f4f2e025eddae123f36f6263096ae49-refs/branch-heads/5735@{#1052}) on port 29308
Only local connections are allowed.
Please see https://chromedriver.chromium.org/security-considerations for suggestions on keeping ChromeDriver safe.
ChromeDriver was started successfully.
Jul 12, 2023 12:22:01 PM org.openqa.selenium.devtools.CdpVersionFinder findNearestMatch
WARNING: Unable to find an exact match for CDP version 114, so returning the closest version found: 113
]]></system-err>
  </testcase>
  <testcase name="runScenario[&quot;User should be able to search for products in search text field&quot;, &quot;Search Functionality&quot;](12)" classname="runner.TestRunner" time="3.934">
    <system-out><![CDATA[
Scenario: User should be able to search for products in search text field &amp#27;[90m# src/test/resources/features/Search.feature:3&amp#27;[0m
  &amp#27;[32mGiven &amp#27;[0m&amp#27;[32mUser opens the application&amp#27;[0m                                        &amp#27;[90m# stepdefinitions.Search.user_opens_the_application()&amp#27;[0m
  &amp#27;[32mWhen &amp#27;[0m&amp#27;[32mUser enters valid product &amp#27;[0m&amp#27;[32m&amp#27;[1m"HP"&amp#27;[0m&amp#27;[32m in search text field&amp#27;[0m                &amp#27;[90m# stepdefinitions.Search.user_enters_valid_product_in_search_text_field(java.lang.String)&amp#27;[0m
  &amp#27;[32mAnd &amp#27;[0m&amp#27;[32mUser clicks on search button&amp#27;[0m                                        &amp#27;[90m# stepdefinitions.Search.user_clicks_on_search_button()&amp#27;[0m
  &amp#27;[32mThen &amp#27;[0m&amp#27;[32mUser should be seeing valid product in search results&amp#27;[0m              &amp#27;[90m# stepdefinitions.Search.user_should_be_seeing_valid_product_in_search_results()&amp#27;[0m
]]></system-out>
    <system-err><![CDATA[Jul 12, 2023 12:22:14 PM org.openqa.selenium.manager.SeleniumManager getDriverPath
INFO: Applicable driver not found; attempting to install with Selenium Manager (Beta)
Starting ChromeDriver 114.0.5735.90 (386bc09e8f4f2e025eddae123f36f6263096ae49-refs/branch-heads/5735@{#1052}) on port 37557
Only local connections are allowed.
Please see https://chromedriver.chromium.org/security-considerations for suggestions on keeping ChromeDriver safe.
ChromeDriver was started successfully.
Jul 12, 2023 12:22:15 PM org.openqa.selenium.devtools.CdpVersionFinder findNearestMatch
WARNING: Unable to find an exact match for CDP version 114, so returning the closest version found: 113
]]></system-err>
  </testcase>
  <testcase name="runScenario[&quot;User should searches for an invalid products in search text field&quot;, &quot;Search Functionality&quot;](13)" classname="runner.TestRunner" time="4.021">
    <system-out><![CDATA[
Scenario: User should searches for an invalid products in search text field     &amp#27;[90m# src/test/resources/features/Search.feature:11&amp#27;[0m
  &amp#27;[32mGiven &amp#27;[0m&amp#27;[32mUser opens the application&amp#27;[0m                                              &amp#27;[90m# stepdefinitions.Search.user_opens_the_application()&amp#27;[0m
  &amp#27;[32mWhen &amp#27;[0m&amp#27;[32mUser enters invalid product &amp#27;[0m&amp#27;[32m&amp#27;[1m"Honda"&amp#27;[0m&amp#27;[32m in search text field&amp#27;[0m                 &amp#27;[90m# stepdefinitions.Search.user_enters_invalid_product_in_search_text_field(java.lang.String)&amp#27;[0m
  &amp#27;[32mAnd &amp#27;[0m&amp#27;[32mUser clicks on search button&amp#27;[0m                                              &amp#27;[90m# stepdefinitions.Search.user_clicks_on_search_button()&amp#27;[0m
  &amp#27;[32mThen &amp#27;[0m&amp#27;[32mUser should be displayed with warning text saying the no product matches&amp#27;[0m &amp#27;[90m# stepdefinitions.Search.user_should_be_displayed_with_warning_text_saying_the_no_product_matches()&amp#27;[0m
]]></system-out>
    <system-err><![CDATA[Jul 12, 2023 12:22:18 PM org.openqa.selenium.manager.SeleniumManager getDriverPath
INFO: Applicable driver not found; attempting to install with Selenium Manager (Beta)
Starting ChromeDriver 114.0.5735.90 (386bc09e8f4f2e025eddae123f36f6263096ae49-refs/branch-heads/5735@{#1052}) on port 36071
Only local connections are allowed.
Please see https://chromedriver.chromium.org/security-considerations for suggestions on keeping ChromeDriver safe.
ChromeDriver was started successfully.
Jul 12, 2023 12:22:19 PM org.openqa.selenium.devtools.CdpVersionFinder findNearestMatch
WARNING: Unable to find an exact match for CDP version 114, so returning the closest version found: 113
]]></system-err>
  </testcase>
  <testcase name="runScenario[&quot;User should search for product without entering any products in search text filed&quot;, &quot;Search Functionality&quot;](14)" classname="runner.TestRunner" time="5.032">
    <system-out><![CDATA[
Scenario: User should search for product without entering any products in search text filed &amp#27;[90m# src/test/resources/features/Search.feature:19&amp#27;[0m
  &amp#27;[32mGiven &amp#27;[0m&amp#27;[32mUser opens the application&amp#27;[0m                                                          &amp#27;[90m# stepdefinitions.Search.user_opens_the_application()&amp#27;[0m
  &amp#27;[32mWhen &amp#27;[0m&amp#27;[32mUser do not enter the product in search text field&amp#27;[0m                                   &amp#27;[90m# stepdefinitions.Search.user_do_not_enter_the_product_in_search_text_field()&amp#27;[0m
  &amp#27;[32mAnd &amp#27;[0m&amp#27;[32mUser clicks on search button&amp#27;[0m                                                          &amp#27;[90m# stepdefinitions.Search.user_clicks_on_search_button()&amp#27;[0m
  &amp#27;[32mThen &amp#27;[0m&amp#27;[32mUser should be displayed with warning text saying the no product matches&amp#27;[0m             &amp#27;[90m# stepdefinitions.Search.user_should_be_displayed_with_warning_text_saying_the_no_product_matches()&amp#27;[0m
]]></system-out>
    <system-err><![CDATA[Jul 12, 2023 12:22:22 PM org.openqa.selenium.manager.SeleniumManager getDriverPath
INFO: Applicable driver not found; attempting to install with Selenium Manager (Beta)
Starting ChromeDriver 114.0.5735.90 (386bc09e8f4f2e025eddae123f36f6263096ae49-refs/branch-heads/5735@{#1052}) on port 19558
Only local connections are allowed.
Please see https://chromedriver.chromium.org/security-considerations for suggestions on keeping ChromeDriver safe.
ChromeDriver was started successfully.
Jul 12, 2023 12:22:23 PM org.openqa.selenium.devtools.CdpVersionFinder findNearestMatch
WARNING: Unable to find an exact match for CDP version 114, so returning the closest version found: 113
]]></system-err>
  </testcase>
</testsuite>